Copyright 1986-2018 Xilinx, Inc. All Rights Reserved.
------------------------------------------------------------------------------------------------
| Tool Version : Vivado v.2018.2 (win64) Build 2258646 Thu Jun 14 20:03:12 MDT 2018
| Date         : Fri Jul 18 17:32:50 2025
| Host         : DESKTOP-VFU7CPR running 64-bit major release  (build 9200)
| Command      : report_drc -file alu_drc_opted.rpt -pb alu_drc_opted.pb -rpx alu_drc_opted.rpx
| Design       : alu
| Device       : xc7a35ticpg236-1L
| Speed File   : -1L
| Design State : Synthesized
------------------------------------------------------------------------------------------------

Report DRC

Table of Contents
-----------------
1. REPORT SUMMARY
2. REPORT DETAILS

1. REPORT SUMMARY
-----------------
            Netlist: netlist
          Floorplan: checkpoint_alu
      Design limits: <entire design considered>
           Ruledeck: default
             Max violations: <unlimited>
             Violations found: 2
+--------+----------+-----------------------+------------+
| Rule   | Severity | Description           | Violations |
+--------+----------+-----------------------+------------+
| IOSR-1 | Warning  | IOB set reset sharing | 2          |
+--------+----------+-----------------------+------------+

2. REPORT DETAILS
-----------------
IOSR-1#1 Warning
IOB set reset sharing  
IO A[2] connects to flops which have these u_ila_0/inst/ila_core_inst/use_probe_debug_circuit, rst_IBUF set/reset signals.  For optimal IOB flop packing there should be only one set/reset signal coming into the IOB.
Related violations: <none>

IOSR-1#2 Warning
IOB set reset sharing  
IO A[3] connects to flops which have these u_ila_0/inst/ila_core_inst/use_probe_debug_circuit, rst_IBUF set/reset signals.  For optimal IOB flop packing there should be only one set/reset signal coming into the IOB.
Related violations: <none>


